<?xml version="1.0" encoding="UTF-8"?>
<testng-results skipped="0" failed="0" ignored="0" total="1" passed="1">
  <reporter-output>
  </reporter-output>
  <suite name="Default suite" duration-ms="16284" started-at="2018-10-15T10:16:57Z" finished-at="2018-10-15T10:17:14Z">
    <groups>
    </groups>
    <test name="Default test" duration-ms="16284" started-at="2018-10-15T10:16:57Z" finished-at="2018-10-15T10:17:14Z">
      <class name="elements.Paragraph">
        <test-method status="PASS" signature="beforeClass()[pri:0, instance:elements.Paragraph@3f197a46]" name="beforeClass" is-config="true" duration-ms="9085" started-at="2018-10-15T10:16:58Z" finished-at="2018-10-15T10:17:07Z">
          <reporter-output>
          </reporter-output>
        </test-method> <!-- beforeClass -->
        <test-method status="PASS" signature="createNewArticle()[pri:0, instance:elements.Paragraph@3f197a46]" name="createNewArticle" duration-ms="4458" started-at="2018-10-15T10:17:07Z" finished-at="2018-10-15T10:17:11Z">
          <reporter-output>
          </reporter-output>
        </test-method> <!-- createNewArticle -->
        <test-method status="PASS" signature="afterClass()[pri:0, instance:elements.Paragraph@3f197a46]" name="afterClass" is-config="true" duration-ms="2703" started-at="2018-10-15T10:17:11Z" finished-at="2018-10-15T10:17:14Z">
          <reporter-output>
          </reporter-output>
        </test-method> <!-- afterClass -->
      </class> <!-- elements.Paragraph -->
    </test> <!-- Default test -->
  </suite> <!-- Default suite -->
</testng-results>
